<?xml version="1.0" encoding="UTF-8"?>
<coverage generated="1675320303089" clover="3.2.0">
  <project timestamp="1675320303090" name="All files">
    <metrics statements="277" coveredstatements="252" conditionals="68" coveredconditionals="53" methods="109" coveredmethods="98" elements="454" coveredelements="403" complexity="0" loc="277" ncloc="277" packages="1" files="11" classes="11"/>
    <file name="RoundRobin.js" path="/home/chris/CODE/teams/js/RoundRobin.js">
      <metrics statements="15" coveredstatements="15" conditionals="2" coveredconditionals="2" methods="9" coveredmethods="9"/>
      <line num="2" count="4" type="stmt"/>
      <line num="3" count="4" type="stmt"/>
      <line num="6" count="42" type="stmt"/>
      <line num="7" count="42" type="stmt"/>
      <line num="8" count="42" type="stmt"/>
      <line num="11" count="8" type="stmt"/>
      <line num="12" count="8" type="stmt"/>
      <line num="15" count="32" type="stmt"/>
      <line num="16" count="8" type="stmt"/>
      <line num="19" count="24" type="stmt"/>
      <line num="22" count="36" type="stmt"/>
      <line num="23" count="24" type="cond" truecount="2" falsecount="0"/>
      <line num="24" count="8" type="stmt"/>
      <line num="28" count="24" type="stmt"/>
      <line num="31" count="4" type="stmt"/>
    </file>
    <file name="bar.js" path="/home/chris/CODE/teams/js/bar.js">
      <metrics statements="31" coveredstatements="29" conditionals="8" coveredconditionals="6" methods="17" coveredmethods="17"/>
      <line num="2" count="6" type="stmt"/>
      <line num="3" count="6" type="stmt"/>
      <line num="4" count="6" type="stmt"/>
      <line num="7" count="36" type="stmt"/>
      <line num="8" count="36" type="stmt"/>
      <line num="9" count="36" type="stmt"/>
      <line num="12" count="6" type="stmt"/>
      <line num="15" count="34" type="stmt"/>
      <line num="18" count="42" type="stmt"/>
      <line num="21" count="64" type="stmt"/>
      <line num="24" count="34" type="stmt"/>
      <line num="28" count="32" type="cond" truecount="2" falsecount="0"/>
      <line num="32" count="24" type="stmt"/>
      <line num="33" count="32" type="stmt"/>
      <line num="34" count="32" type="stmt"/>
      <line num="35" count="27" type="stmt"/>
      <line num="36" count="6" type="stmt"/>
      <line num="37" count="24" type="cond" truecount="2" falsecount="0"/>
      <line num="38" count="10" type="stmt"/>
      <line num="40" count="14" type="stmt"/>
      <line num="43" count="2" type="cond" truecount="1" falsecount="1"/>
      <line num="44" count="0" type="stmt"/>
      <line num="46" count="2" type="stmt"/>
      <line num="47" count="4" type="stmt"/>
      <line num="48" count="2" type="stmt"/>
      <line num="49" count="2" type="stmt"/>
      <line num="50" count="2" type="stmt"/>
      <line num="51" count="2" type="cond" truecount="1" falsecount="1"/>
      <line num="52" count="0" type="stmt"/>
      <line num="54" count="2" type="stmt"/>
      <line num="57" count="6" type="stmt"/>
    </file>
    <file name="bars.js" path="/home/chris/CODE/teams/js/bars.js">
      <metrics statements="14" coveredstatements="10" conditionals="0" coveredconditionals="0" methods="11" coveredmethods="4"/>
      <line num="2" count="4" type="stmt"/>
      <line num="3" count="4" type="stmt"/>
      <line num="4" count="4" type="stmt"/>
      <line num="5" count="4" type="stmt"/>
      <line num="8" count="10" type="stmt"/>
      <line num="9" count="10" type="stmt"/>
      <line num="10" count="10" type="stmt"/>
      <line num="11" count="30" type="stmt"/>
      <line num="14" count="0" type="stmt"/>
      <line num="17" count="6" type="stmt"/>
      <line num="20" count="0" type="stmt"/>
      <line num="23" count="0" type="stmt"/>
      <line num="26" count="0" type="stmt"/>
      <line num="29" count="4" type="stmt"/>
    </file>
    <file name="main.js" path="/home/chris/CODE/teams/js/main.js">
      <metrics statements="63" coveredstatements="55" conditionals="36" coveredconditionals="28" methods="17" coveredmethods="15"/>
      <line num="2" count="40" type="cond" truecount="5" falsecount="0"/>
      <line num="3" count="2" type="cond" truecount="3" falsecount="0"/>
      <line num="4" count="10" type="cond" truecount="1" falsecount="1"/>
      <line num="5" count="10" type="cond" truecount="1" falsecount="1"/>
      <line num="6" count="10" type="stmt"/>
      <line num="7" count="30" type="cond" truecount="3" falsecount="1"/>
      <line num="8" count="36" type="stmt"/>
      <line num="9" count="36" type="cond" truecount="2" falsecount="0"/>
      <line num="10" count="20" type="stmt"/>
      <line num="11" count="0" type="stmt"/>
      <line num="12" count="16" type="cond" truecount="1" falsecount="1"/>
      <line num="14" count="2" type="stmt"/>
      <line num="15" count="2" type="stmt"/>
      <line num="16" count="2" type="stmt"/>
      <line num="17" count="2" type="stmt"/>
      <line num="18" count="2" type="stmt"/>
      <line num="19" count="2" type="stmt"/>
      <line num="20" count="4" type="stmt"/>
      <line num="22" count="2" type="stmt"/>
      <line num="23" count="2" type="stmt"/>
      <line num="24" count="2" type="stmt"/>
      <line num="25" count="4" type="stmt"/>
      <line num="26" count="4" type="stmt"/>
      <line num="27" count="4" type="stmt"/>
      <line num="29" count="2" type="stmt"/>
      <line num="32" count="2" type="stmt"/>
      <line num="34" count="8" type="stmt"/>
      <line num="35" count="8" type="stmt"/>
      <line num="36" count="8" type="stmt"/>
      <line num="37" count="8" type="stmt"/>
      <line num="38" count="8" type="stmt"/>
      <line num="39" count="8" type="cond" truecount="2" falsecount="0"/>
      <line num="40" count="2" type="stmt"/>
      <line num="41" count="2" type="stmt"/>
      <line num="43" count="6" type="cond" truecount="2" falsecount="0"/>
      <line num="44" count="2" type="stmt"/>
      <line num="45" count="2" type="stmt"/>
      <line num="47" count="4" type="cond" truecount="2" falsecount="0"/>
      <line num="48" count="2" type="stmt"/>
      <line num="49" count="2" type="stmt"/>
      <line num="51" count="2" type="stmt"/>
      <line num="52" count="2" type="stmt"/>
      <line num="53" count="2" type="stmt"/>
      <line num="54" count="2" type="stmt"/>
      <line num="55" count="2" type="stmt"/>
      <line num="56" count="2" type="stmt"/>
      <line num="57" count="2" type="stmt"/>
      <line num="58" count="2" type="stmt"/>
      <line num="59" count="2" type="cond" truecount="3" falsecount="1"/>
      <line num="60" count="0" type="stmt"/>
      <line num="61" count="0" type="stmt"/>
      <line num="62" count="0" type="stmt"/>
      <line num="65" count="2" type="cond" truecount="1" falsecount="1"/>
      <line num="66" count="2" type="stmt"/>
      <line num="67" count="2" type="stmt"/>
      <line num="68" count="2" type="stmt"/>
      <line num="71" count="0" type="stmt"/>
      <line num="72" count="0" type="stmt"/>
      <line num="73" count="0" type="stmt"/>
      <line num="74" count="0" type="stmt"/>
      <line num="76" count="2" type="stmt"/>
      <line num="77" count="2" type="stmt"/>
      <line num="80" count="2" type="stmt"/>
    </file>
    <file name="match.js" path="/home/chris/CODE/teams/js/match.js">
      <metrics statements="8" coveredstatements="8" conditionals="0" coveredconditionals="0" methods="2" coveredmethods="2"/>
      <line num="2" count="2" type="stmt"/>
      <line num="3" count="2" type="stmt"/>
      <line num="6" count="12" type="stmt"/>
      <line num="7" count="12" type="stmt"/>
      <line num="8" count="12" type="stmt"/>
      <line num="9" count="12" type="stmt"/>
      <line num="12" count="12" type="stmt"/>
      <line num="15" count="2" type="stmt"/>
    </file>
    <file name="random.js" path="/home/chris/CODE/teams/js/random.js">
      <metrics statements="4" coveredstatements="4" conditionals="0" coveredconditionals="0" methods="1" coveredmethods="1"/>
      <line num="2" count="6" type="stmt"/>
      <line num="3" count="6" type="stmt"/>
      <line num="5" count="26" type="stmt"/>
      <line num="7" count="6" type="stmt"/>
    </file>
    <file name="results.js" path="/home/chris/CODE/teams/js/results.js">
      <metrics statements="10" coveredstatements="10" conditionals="0" coveredconditionals="0" methods="1" coveredmethods="1"/>
      <line num="2" count="2" type="stmt"/>
      <line num="3" count="2" type="stmt"/>
      <line num="6" count="8" type="stmt"/>
      <line num="7" count="8" type="stmt"/>
      <line num="8" count="8" type="stmt"/>
      <line num="9" count="8" type="stmt"/>
      <line num="10" count="8" type="stmt"/>
      <line num="11" count="8" type="stmt"/>
      <line num="12" count="8" type="stmt"/>
      <line num="15" count="2" type="stmt"/>
    </file>
    <file name="scheduler.js" path="/home/chris/CODE/teams/js/scheduler.js">
      <metrics statements="62" coveredstatements="52" conditionals="16" coveredconditionals="12" methods="12" coveredmethods="11"/>
      <line num="2" count="2" type="stmt"/>
      <line num="3" count="2" type="stmt"/>
      <line num="4" count="2" type="stmt"/>
      <line num="5" count="2" type="stmt"/>
      <line num="8" count="2" type="stmt"/>
      <line num="9" count="2" type="stmt"/>
      <line num="10" count="2" type="stmt"/>
      <line num="11" count="2" type="stmt"/>
      <line num="14" count="2" type="stmt"/>
      <line num="15" count="2" type="stmt"/>
      <line num="16" count="2" type="stmt"/>
      <line num="17" count="8" type="stmt"/>
      <line num="18" count="2" type="stmt"/>
      <line num="19" count="8" type="stmt"/>
      <line num="23" count="8" type="cond" truecount="1" falsecount="1"/>
      <line num="24" count="0" type="stmt"/>
      <line num="25" count="0" type="stmt"/>
      <line num="27" count="8" type="stmt"/>
      <line num="28" count="8" type="stmt"/>
      <line num="29" count="8" type="stmt"/>
      <line num="30" count="8" type="cond" truecount="2" falsecount="0"/>
      <line num="31" count="2" type="stmt"/>
      <line num="32" count="8" type="stmt"/>
      <line num="34" count="2" type="stmt"/>
      <line num="36" count="6" type="stmt"/>
      <line num="39" count="2" type="stmt"/>
      <line num="40" count="2" type="stmt"/>
      <line num="41" count="8" type="stmt"/>
      <line num="42" count="8" type="stmt"/>
      <line num="43" count="8" type="stmt"/>
      <line num="44" count="8" type="stmt"/>
      <line num="45" count="16" type="stmt"/>
      <line num="46" count="32" type="stmt"/>
      <line num="47" count="8" type="stmt"/>
      <line num="48" count="24" type="stmt"/>
      <line num="49" count="24" type="stmt"/>
      <line num="50" count="24" type="cond" truecount="2" falsecount="0"/>
      <line num="51" count="10" type="stmt"/>
      <line num="54" count="14" type="stmt"/>
      <line num="55" count="14" type="stmt"/>
      <line num="56" count="14" type="cond" truecount="2" falsecount="0"/>
      <line num="57" count="2" type="stmt"/>
      <line num="58" count="2" type="cond" truecount="1" falsecount="1"/>
      <line num="59" count="0" type="stmt"/>
      <line num="62" count="2" type="stmt"/>
      <line num="63" count="2" type="stmt"/>
      <line num="64" count="2" type="cond" truecount="1" falsecount="1"/>
      <line num="65" count="0" type="stmt"/>
      <line num="66" count="0" type="stmt"/>
      <line num="67" count="0" type="stmt"/>
      <line num="72" count="12" type="stmt"/>
      <line num="73" count="12" type="stmt"/>
      <line num="74" count="12" type="stmt"/>
      <line num="78" count="8" type="cond" truecount="2" falsecount="0"/>
      <line num="79" count="2" type="stmt"/>
      <line num="81" count="6" type="stmt"/>
      <line num="82" count="6" type="cond" truecount="1" falsecount="1"/>
      <line num="83" count="0" type="stmt"/>
      <line num="84" count="0" type="stmt"/>
      <line num="85" count="0" type="stmt"/>
      <line num="89" count="0" type="stmt"/>
      <line num="92" count="2" type="stmt"/>
    </file>
    <file name="team.js" path="/home/chris/CODE/teams/js/team.js">
      <metrics statements="26" coveredstatements="26" conditionals="2" coveredconditionals="2" methods="14" coveredmethods="14"/>
      <line num="2" count="4" type="stmt"/>
      <line num="3" count="4" type="stmt"/>
      <line num="4" count="4" type="stmt"/>
      <line num="7" count="42" type="stmt"/>
      <line num="8" count="42" type="stmt"/>
      <line num="9" count="42" type="stmt"/>
      <line num="10" count="42" type="stmt"/>
      <line num="11" count="42" type="stmt"/>
      <line num="14" count="8" type="stmt"/>
      <line num="17" count="1157" type="stmt"/>
      <line num="20" count="151" type="stmt"/>
      <line num="23" count="8" type="stmt"/>
      <line num="24" count="8" type="stmt"/>
      <line num="27" count="16" type="stmt"/>
      <line num="30" count="24" type="stmt"/>
      <line num="31" count="24" type="cond" truecount="2" falsecount="0"/>
      <line num="32" count="12" type="stmt"/>
      <line num="33" count="12" type="stmt"/>
      <line num="34" count="12" type="stmt"/>
      <line num="37" count="12" type="stmt"/>
      <line num="41" count="175" type="stmt"/>
      <line num="44" count="112" type="stmt"/>
      <line num="47" count="78" type="stmt"/>
      <line num="50" count="80" type="stmt"/>
      <line num="53" count="98" type="stmt"/>
      <line num="56" count="4" type="stmt"/>
    </file>
    <file name="teams.js" path="/home/chris/CODE/teams/js/teams.js">
      <metrics statements="37" coveredstatements="37" conditionals="4" coveredconditionals="3" methods="21" coveredmethods="21"/>
      <line num="2" count="2" type="stmt"/>
      <line num="3" count="2" type="stmt"/>
      <line num="4" count="2" type="stmt"/>
      <line num="5" count="2" type="stmt"/>
      <line num="8" count="8" type="stmt"/>
      <line num="9" count="8" type="stmt"/>
      <line num="10" count="8" type="stmt"/>
      <line num="11" count="24" type="stmt"/>
      <line num="12" count="12" type="stmt"/>
      <line num="13" count="8" type="stmt"/>
      <line num="16" count="8" type="stmt"/>
      <line num="19" count="16" type="stmt"/>
      <line num="22" count="36" type="stmt"/>
      <line num="25" count="8" type="stmt"/>
      <line num="28" count="16" type="stmt"/>
      <line num="30" count="64" type="stmt"/>
      <line num="32" count="48" type="stmt"/>
      <line num="34" count="42" type="stmt"/>
      <line num="35" count="16" type="stmt"/>
      <line num="36" count="16" type="stmt"/>
      <line num="38" count="36" type="stmt"/>
      <line num="40" count="36" type="stmt"/>
      <line num="42" count="31" type="stmt"/>
      <line num="43" count="15" type="stmt"/>
      <line num="44" count="16" type="stmt"/>
      <line num="45" count="16" type="stmt"/>
      <line num="46" count="31" type="stmt"/>
      <line num="47" count="6" type="cond" truecount="1" falsecount="1"/>
      <line num="48" count="16" type="stmt"/>
      <line num="49" count="16" type="cond" truecount="2" falsecount="0"/>
      <line num="50" count="4" type="stmt"/>
      <line num="51" count="4" type="stmt"/>
      <line num="53" count="12" type="stmt"/>
      <line num="54" count="12" type="stmt"/>
      <line num="55" count="12" type="stmt"/>
      <line num="56" count="12" type="stmt"/>
      <line num="59" count="2" type="stmt"/>
    </file>
    <file name="week.js" path="/home/chris/CODE/teams/js/week.js">
      <metrics statements="7" coveredstatements="6" conditionals="0" coveredconditionals="0" methods="4" coveredmethods="3"/>
      <line num="2" count="2" type="stmt"/>
      <line num="3" count="2" type="stmt"/>
      <line num="6" count="8" type="stmt"/>
      <line num="7" count="8" type="stmt"/>
      <line num="10" count="12" type="stmt"/>
      <line num="13" count="0" type="stmt"/>
      <line num="16" count="2" type="stmt"/>
    </file>
  </project>
</coverage>
