{"/home/chris/CODE/teams/js/RoundRobin.js": {"path":"/home/chris/CODE/teams/js/RoundRobin.js","statementMap":{"0":{"start":{"line":2,"column":0},"end":{"line":2,"column":62}},"1":{"start":{"line":3,"column":0},"end":{"line":3,"column":28}},"2":{"start":{"line":6,"column":8},"end":{"line":6,"column":24}},"3":{"start":{"line":7,"column":8},"end":{"line":7,"column":23}},"4":{"start":{"line":8,"column":8},"end":{"line":8,"column":25}},"5":{"start":{"line":11,"column":8},"end":{"line":11,"column":24}},"6":{"start":{"line":12,"column":8},"end":{"line":12,"column":23}},"7":{"start":{"line":15,"column":8},"end":{"line":15,"column":66}},"8":{"start":{"line":15,"column":39},"end":{"line":15,"column":64}},"9":{"start":{"line":16,"column":8},"end":{"line":16,"column":21}},"10":{"start":{"line":19,"column":8},"end":{"line":19,"column":43}},"11":{"start":{"line":19,"column":35},"end":{"line":19,"column":41}},"12":{"start":{"line":22,"column":8},"end":{"line":22,"column":78}},"13":{"start":{"line":22,"column":52},"end":{"line":22,"column":72}},"14":{"start":{"line":23,"column":8},"end":{"line":25,"column":9}},"15":{"start":{"line":24,"column":12},"end":{"line":24,"column":87}},"16":{"start":{"line":28,"column":8},"end":{"line":28,"column":39}},"17":{"start":{"line":31,"column":0},"end":{"line":31,"column":32}}},"fnMap":{"0":{"name":"(anonymous_0)","decl":{"start":{"line":5,"column":4},"end":{"line":5,"column":5}},"loc":{"start":{"line":5,"column":22},"end":{"line":9,"column":5}},"line":5},"1":{"name":"(anonymous_1)","decl":{"start":{"line":10,"column":4},"end":{"line":10,"column":5}},"loc":{"start":{"line":10,"column":12},"end":{"line":13,"column":5}},"line":10},"2":{"name":"(anonymous_2)","decl":{"start":{"line":14,"column":4},"end":{"line":14,"column":5}},"loc":{"start":{"line":14,"column":20},"end":{"line":17,"column":5}},"line":14},"3":{"name":"(anonymous_3)","decl":{"start":{"line":15,"column":34},"end":{"line":15,"column":35}},"loc":{"start":{"line":15,"column":39},"end":{"line":15,"column":64}},"line":15},"4":{"name":"(anonymous_4)","decl":{"start":{"line":18,"column":4},"end":{"line":18,"column":5}},"loc":{"start":{"line":18,"column":15},"end":{"line":20,"column":5}},"line":18},"5":{"name":"(anonymous_5)","decl":{"start":{"line":19,"column":30},"end":{"line":19,"column":31}},"loc":{"start":{"line":19,"column":35},"end":{"line":19,"column":41}},"line":19},"6":{"name":"(anonymous_6)","decl":{"start":{"line":21,"column":4},"end":{"line":21,"column":5}},"loc":{"start":{"line":21,"column":21},"end":{"line":26,"column":5}},"line":21},"7":{"name":"(anonymous_7)","decl":{"start":{"line":22,"column":47},"end":{"line":22,"column":48}},"loc":{"start":{"line":22,"column":52},"end":{"line":22,"column":72}},"line":22},"8":{"name":"(anonymous_8)","decl":{"start":{"line":27,"column":4},"end":{"line":27,"column":5}},"loc":{"start":{"line":27,"column":16},"end":{"line":29,"column":5}},"line":27}},"branchMap":{"0":{"loc":{"start":{"line":23,"column":8},"end":{"line":25,"column":9}},"type":"if","locations":[{"start":{"line":23,"column":8},"end":{"line":25,"column":9}},{"start":{},"end":{}}],"line":23}},"s":{"0":4,"1":4,"2":42,"3":42,"4":42,"5":8,"6":8,"7":8,"8":32,"9":8,"10":16,"11":24,"12":24,"13":36,"14":24,"15":8,"16":24,"17":4},"f":{"0":42,"1":8,"2":8,"3":32,"4":16,"5":24,"6":24,"7":36,"8":24},"b":{"0":[8,16]},"inputSourceMap":null,"_coverageSchema":"1a1c01bbd47fc00a2c39e90264f33305004495a9","hash":"b405118dc59d56d370d913640d3466716f8c176a"}
,"/home/chris/CODE/teams/js/bar.js": {"path":"/home/chris/CODE/teams/js/bar.js","statementMap":{"0":{"start":{"line":2,"column":0},"end":{"line":2,"column":62}},"1":{"start":{"line":3,"column":0},"end":{"line":3,"column":21}},"2":{"start":{"line":4,"column":17},"end":{"line":4,"column":36}},"3":{"start":{"line":7,"column":8},"end":{"line":7,"column":24}},"4":{"start":{"line":8,"column":8},"end":{"line":8,"column":28}},"5":{"start":{"line":9,"column":8},"end":{"line":9,"column":25}},"6":{"start":{"line":12,"column":8},"end":{"line":12,"column":28}},"7":{"start":{"line":15,"column":8},"end":{"line":15,"column":25}},"8":{"start":{"line":18,"column":8},"end":{"line":18,"column":30}},"9":{"start":{"line":21,"column":8},"end":{"line":21,"column":33}},"10":{"start":{"line":24,"column":8},"end":{"line":24,"column":39}},"11":{"start":{"line":28,"column":8},"end":{"line":28,"column":71}},"12":{"start":{"line":32,"column":27},"end":{"line":36,"column":58}},"13":{"start":{"line":33,"column":28},"end":{"line":33,"column":59}},"14":{"start":{"line":34,"column":28},"end":{"line":34,"column":74}},"15":{"start":{"line":35,"column":28},"end":{"line":35,"column":53}},"16":{"start":{"line":36,"column":28},"end":{"line":36,"column":57}},"17":{"start":{"line":37,"column":8},"end":{"line":39,"column":9}},"18":{"start":{"line":38,"column":12},"end":{"line":38,"column":24}},"19":{"start":{"line":40,"column":8},"end":{"line":40,"column":66}},"20":{"start":{"line":43,"column":8},"end":{"line":45,"column":9}},"21":{"start":{"line":44,"column":12},"end":{"line":44,"column":24}},"22":{"start":{"line":46,"column":27},"end":{"line":50,"column":54}},"23":{"start":{"line":47,"column":28},"end":{"line":47,"column":57}},"24":{"start":{"line":48,"column":28},"end":{"line":48,"column":59}},"25":{"start":{"line":49,"column":28},"end":{"line":49,"column":74}},"26":{"start":{"line":50,"column":28},"end":{"line":50,"column":53}},"27":{"start":{"line":51,"column":8},"end":{"line":53,"column":9}},"28":{"start":{"line":52,"column":12},"end":{"line":52,"column":24}},"29":{"start":{"line":54,"column":8},"end":{"line":54,"column":29}},"30":{"start":{"line":57,"column":0},"end":{"line":57,"column":18}}},"fnMap":{"0":{"name":"(anonymous_0)","decl":{"start":{"line":6,"column":4},"end":{"line":6,"column":5}},"loc":{"start":{"line":6,"column":22},"end":{"line":10,"column":5}},"line":6},"1":{"name":"(anonymous_1)","decl":{"start":{"line":11,"column":4},"end":{"line":11,"column":5}},"loc":{"start":{"line":11,"column":12},"end":{"line":13,"column":5}},"line":11},"2":{"name":"(anonymous_2)","decl":{"start":{"line":14,"column":4},"end":{"line":14,"column":5}},"loc":{"start":{"line":14,"column":15},"end":{"line":16,"column":5}},"line":14},"3":{"name":"(anonymous_3)","decl":{"start":{"line":17,"column":4},"end":{"line":17,"column":5}},"loc":{"start":{"line":17,"column":18},"end":{"line":19,"column":5}},"line":17},"4":{"name":"(anonymous_4)","decl":{"start":{"line":20,"column":4},"end":{"line":20,"column":5}},"loc":{"start":{"line":20,"column":16},"end":{"line":22,"column":5}},"line":20},"5":{"name":"(anonymous_5)","decl":{"start":{"line":23,"column":4},"end":{"line":23,"column":5}},"loc":{"start":{"line":23,"column":19},"end":{"line":25,"column":5}},"line":23},"6":{"name":"(anonymous_6)","decl":{"start":{"line":27,"column":4},"end":{"line":27,"column":5}},"loc":{"start":{"line":27,"column":20},"end":{"line":30,"column":5}},"line":27},"7":{"name":"(anonymous_7)","decl":{"start":{"line":31,"column":4},"end":{"line":31,"column":5}},"loc":{"start":{"line":31,"column":41},"end":{"line":41,"column":5}},"line":31},"8":{"name":"(anonymous_8)","decl":{"start":{"line":33,"column":20},"end":{"line":33,"column":21}},"loc":{"start":{"line":33,"column":28},"end":{"line":33,"column":59}},"line":33},"9":{"name":"(anonymous_9)","decl":{"start":{"line":34,"column":20},"end":{"line":34,"column":21}},"loc":{"start":{"line":34,"column":28},"end":{"line":34,"column":74}},"line":34},"10":{"name":"(anonymous_10)","decl":{"start":{"line":35,"column":20},"end":{"line":35,"column":21}},"loc":{"start":{"line":35,"column":28},"end":{"line":35,"column":53}},"line":35},"11":{"name":"(anonymous_11)","decl":{"start":{"line":36,"column":18},"end":{"line":36,"column":19}},"loc":{"start":{"line":36,"column":28},"end":{"line":36,"column":57}},"line":36},"12":{"name":"(anonymous_12)","decl":{"start":{"line":42,"column":4},"end":{"line":42,"column":5}},"loc":{"start":{"line":42,"column":56},"end":{"line":55,"column":5}},"line":42},"13":{"name":"(anonymous_13)","decl":{"start":{"line":47,"column":20},"end":{"line":47,"column":21}},"loc":{"start":{"line":47,"column":28},"end":{"line":47,"column":57}},"line":47},"14":{"name":"(anonymous_14)","decl":{"start":{"line":48,"column":20},"end":{"line":48,"column":21}},"loc":{"start":{"line":48,"column":28},"end":{"line":48,"column":59}},"line":48},"15":{"name":"(anonymous_15)","decl":{"start":{"line":49,"column":20},"end":{"line":49,"column":21}},"loc":{"start":{"line":49,"column":28},"end":{"line":49,"column":74}},"line":49},"16":{"name":"(anonymous_16)","decl":{"start":{"line":50,"column":20},"end":{"line":50,"column":21}},"loc":{"start":{"line":50,"column":28},"end":{"line":50,"column":53}},"line":50}},"branchMap":{"0":{"loc":{"start":{"line":28,"column":15},"end":{"line":28,"column":70}},"type":"cond-expr","locations":[{"start":{"line":28,"column":37},"end":{"line":28,"column":52}},{"start":{"line":28,"column":55},"end":{"line":28,"column":70}}],"line":28},"1":{"loc":{"start":{"line":37,"column":8},"end":{"line":39,"column":9}},"type":"if","locations":[{"start":{"line":37,"column":8},"end":{"line":39,"column":9}},{"start":{},"end":{}}],"line":37},"2":{"loc":{"start":{"line":43,"column":8},"end":{"line":45,"column":9}},"type":"if","locations":[{"start":{"line":43,"column":8},"end":{"line":45,"column":9}},{"start":{},"end":{}}],"line":43},"3":{"loc":{"start":{"line":51,"column":8},"end":{"line":53,"column":9}},"type":"if","locations":[{"start":{"line":51,"column":8},"end":{"line":53,"column":9}},{"start":{},"end":{}}],"line":51}},"s":{"0":6,"1":6,"2":6,"3":36,"4":36,"5":36,"6":6,"7":34,"8":42,"9":64,"10":34,"11":32,"12":24,"13":32,"14":32,"15":27,"16":6,"17":24,"18":10,"19":14,"20":2,"21":0,"22":2,"23":4,"24":2,"25":2,"26":2,"27":2,"28":0,"29":2,"30":6},"f":{"0":36,"1":6,"2":34,"3":42,"4":64,"5":34,"6":32,"7":24,"8":32,"9":32,"10":27,"11":6,"12":2,"13":4,"14":2,"15":2,"16":2},"b":{"0":[24,8],"1":[10,14],"2":[0,2],"3":[0,2]},"inputSourceMap":null,"_coverageSchema":"1a1c01bbd47fc00a2c39e90264f33305004495a9","hash":"18512b68a52063c6f7a7f2780642501a9d59d860"}
,"/home/chris/CODE/teams/js/bars.js": {"path":"/home/chris/CODE/teams/js/bars.js","statementMap":{"0":{"start":{"line":2,"column":0},"end":{"line":2,"column":62}},"1":{"start":{"line":3,"column":0},"end":{"line":3,"column":22}},"2":{"start":{"line":4,"column":17},"end":{"line":4,"column":36}},"3":{"start":{"line":5,"column":14},"end":{"line":5,"column":30}},"4":{"start":{"line":8,"column":8},"end":{"line":8,"column":23}},"5":{"start":{"line":9,"column":8},"end":{"line":9,"column":27}},"6":{"start":{"line":10,"column":8},"end":{"line":11,"column":50}},"7":{"start":{"line":11,"column":27},"end":{"line":11,"column":48}},"8":{"start":{"line":14,"column":8},"end":{"line":14,"column":52}},"9":{"start":{"line":14,"column":36},"end":{"line":14,"column":50}},"10":{"start":{"line":17,"column":8},"end":{"line":17,"column":46}},"11":{"start":{"line":17,"column":33},"end":{"line":17,"column":44}},"12":{"start":{"line":20,"column":8},"end":{"line":20,"column":59}},"13":{"start":{"line":20,"column":39},"end":{"line":20,"column":57}},"14":{"start":{"line":23,"column":8},"end":{"line":23,"column":62}},"15":{"start":{"line":23,"column":39},"end":{"line":23,"column":60}},"16":{"start":{"line":26,"column":8},"end":{"line":26,"column":59}},"17":{"start":{"line":29,"column":0},"end":{"line":29,"column":20}}},"fnMap":{"0":{"name":"(anonymous_0)","decl":{"start":{"line":7,"column":4},"end":{"line":7,"column":5}},"loc":{"start":{"line":7,"column":23},"end":{"line":12,"column":5}},"line":7},"1":{"name":"(anonymous_1)","decl":{"start":{"line":11,"column":17},"end":{"line":11,"column":18}},"loc":{"start":{"line":11,"column":27},"end":{"line":11,"column":48}},"line":11},"2":{"name":"(anonymous_2)","decl":{"start":{"line":13,"column":4},"end":{"line":13,"column":5}},"loc":{"start":{"line":13,"column":15},"end":{"line":15,"column":5}},"line":13},"3":{"name":"(anonymous_3)","decl":{"start":{"line":14,"column":29},"end":{"line":14,"column":30}},"loc":{"start":{"line":14,"column":36},"end":{"line":14,"column":50}},"line":14},"4":{"name":"(anonymous_4)","decl":{"start":{"line":16,"column":4},"end":{"line":16,"column":5}},"loc":{"start":{"line":16,"column":12},"end":{"line":18,"column":5}},"line":16},"5":{"name":"(anonymous_5)","decl":{"start":{"line":17,"column":26},"end":{"line":17,"column":27}},"loc":{"start":{"line":17,"column":33},"end":{"line":17,"column":44}},"line":17},"6":{"name":"(anonymous_6)","decl":{"start":{"line":19,"column":4},"end":{"line":19,"column":5}},"loc":{"start":{"line":19,"column":22},"end":{"line":21,"column":5}},"line":19},"7":{"name":"(anonymous_7)","decl":{"start":{"line":20,"column":32},"end":{"line":20,"column":33}},"loc":{"start":{"line":20,"column":39},"end":{"line":20,"column":57}},"line":20},"8":{"name":"(anonymous_8)","decl":{"start":{"line":22,"column":4},"end":{"line":22,"column":5}},"loc":{"start":{"line":22,"column":23},"end":{"line":24,"column":5}},"line":22},"9":{"name":"(anonymous_9)","decl":{"start":{"line":23,"column":32},"end":{"line":23,"column":33}},"loc":{"start":{"line":23,"column":39},"end":{"line":23,"column":60}},"line":23},"10":{"name":"(anonymous_10)","decl":{"start":{"line":25,"column":4},"end":{"line":25,"column":5}},"loc":{"start":{"line":25,"column":14},"end":{"line":27,"column":5}},"line":25}},"branchMap":{},"s":{"0":4,"1":4,"2":4,"3":4,"4":10,"5":10,"6":10,"7":30,"8":0,"9":0,"10":2,"11":6,"12":0,"13":0,"14":0,"15":0,"16":0,"17":4},"f":{"0":10,"1":30,"2":0,"3":0,"4":2,"5":6,"6":0,"7":0,"8":0,"9":0,"10":0},"b":{},"inputSourceMap":null,"_coverageSchema":"1a1c01bbd47fc00a2c39e90264f33305004495a9","hash":"f1fc0f2bf8fa194e2db72d943192b5f0a111b0d0"}
,"/home/chris/CODE/teams/js/main.js": {"path":"/home/chris/CODE/teams/js/main.js","statementMap":{"0":{"start":{"line":2,"column":14},"end":{"line":2,"column":126}},"1":{"start":{"line":2,"column":55},"end":{"line":2,"column":124}},"2":{"start":{"line":3,"column":23},"end":{"line":13,"column":1}},"3":{"start":{"line":4,"column":4},"end":{"line":4,"column":91}},"4":{"start":{"line":4,"column":31},"end":{"line":4,"column":91}},"5":{"start":{"line":5,"column":12},"end":{"line":5,"column":54}},"6":{"start":{"line":5,"column":63},"end":{"line":5,"column":65}},"7":{"start":{"line":6,"column":4},"end":{"line":6,"column":122}},"8":{"start":{"line":6,"column":104},"end":{"line":6,"column":116}},"9":{"start":{"line":7,"column":23},"end":{"line":7,"column":140}},"10":{"start":{"line":7,"column":33},"end":{"line":7,"column":140}},"11":{"start":{"line":7,"column":55},"end":{"line":7,"column":137}},"12":{"start":{"line":7,"column":92},"end":{"line":7,"column":133}},"13":{"start":{"line":8,"column":28},"end":{"line":8,"column":84}},"14":{"start":{"line":8,"column":34},"end":{"line":8,"column":48}},"15":{"start":{"line":8,"column":63},"end":{"line":8,"column":82}},"16":{"start":{"line":9,"column":23},"end":{"line":9,"column":122}},"17":{"start":{"line":10,"column":30},"end":{"line":10,"column":52}},"18":{"start":{"line":11,"column":29},"end":{"line":11,"column":52}},"19":{"start":{"line":12,"column":28},"end":{"line":12,"column":84}},"20":{"start":{"line":12,"column":59},"end":{"line":12,"column":84}},"21":{"start":{"line":14,"column":0},"end":{"line":14,"column":62}},"22":{"start":{"line":15,"column":0},"end":{"line":15,"column":46}},"23":{"start":{"line":16,"column":18},"end":{"line":16,"column":38}},"24":{"start":{"line":17,"column":20},"end":{"line":17,"column":42}},"25":{"start":{"line":18,"column":15},"end":{"line":18,"column":32}},"26":{"start":{"line":19,"column":16},"end":{"line":19,"column":34}},"27":{"start":{"line":20,"column":14},"end":{"line":20,"column":61}},"28":{"start":{"line":20,"column":22},"end":{"line":20,"column":61}},"29":{"start":{"line":20,"column":41},"end":{"line":20,"column":60}},"30":{"start":{"line":22,"column":4},"end":{"line":30,"column":7}},"31":{"start":{"line":23,"column":20},"end":{"line":23,"column":26}},"32":{"start":{"line":24,"column":8},"end":{"line":28,"column":9}},"33":{"start":{"line":25,"column":12},"end":{"line":25,"column":59}},"34":{"start":{"line":26,"column":12},"end":{"line":26,"column":38}},"35":{"start":{"line":27,"column":12},"end":{"line":27,"column":20}},"36":{"start":{"line":29,"column":8},"end":{"line":29,"column":35}},"37":{"start":{"line":32,"column":0},"end":{"line":32,"column":30}},"38":{"start":{"line":34,"column":4},"end":{"line":78,"column":7}},"39":{"start":{"line":35,"column":21},"end":{"line":35,"column":46}},"40":{"start":{"line":36,"column":22},"end":{"line":36,"column":56}},"41":{"start":{"line":37,"column":24},"end":{"line":37,"column":58}},"42":{"start":{"line":38,"column":19},"end":{"line":38,"column":24}},"43":{"start":{"line":39,"column":8},"end":{"line":42,"column":9}},"44":{"start":{"line":40,"column":12},"end":{"line":40,"column":75}},"45":{"start":{"line":41,"column":12},"end":{"line":41,"column":42}},"46":{"start":{"line":43,"column":8},"end":{"line":46,"column":9}},"47":{"start":{"line":44,"column":12},"end":{"line":44,"column":80}},"48":{"start":{"line":45,"column":12},"end":{"line":45,"column":42}},"49":{"start":{"line":47,"column":8},"end":{"line":50,"column":9}},"50":{"start":{"line":48,"column":12},"end":{"line":48,"column":71}},"51":{"start":{"line":49,"column":12},"end":{"line":49,"column":42}},"52":{"start":{"line":51,"column":8},"end":{"line":51,"column":37}},"53":{"start":{"line":52,"column":26},"end":{"line":52,"column":77}},"54":{"start":{"line":53,"column":8},"end":{"line":53,"column":37}},"55":{"start":{"line":54,"column":8},"end":{"line":54,"column":62}},"56":{"start":{"line":55,"column":8},"end":{"line":64,"column":57}},"57":{"start":{"line":56,"column":12},"end":{"line":56,"column":30}},"58":{"start":{"line":57,"column":12},"end":{"line":57,"column":59}},"59":{"start":{"line":58,"column":12},"end":{"line":58,"column":41}},"60":{"start":{"line":59,"column":12},"end":{"line":63,"column":13}},"61":{"start":{"line":60,"column":16},"end":{"line":60,"column":95}},"62":{"start":{"line":61,"column":16},"end":{"line":61,"column":41}},"63":{"start":{"line":62,"column":16},"end":{"line":62,"column":45}},"64":{"start":{"line":65,"column":8},"end":{"line":75,"column":9}},"65":{"start":{"line":66,"column":12},"end":{"line":66,"column":117}},"66":{"start":{"line":67,"column":12},"end":{"line":67,"column":44}},"67":{"start":{"line":68,"column":12},"end":{"line":68,"column":40}},"68":{"start":{"line":71,"column":12},"end":{"line":71,"column":37}},"69":{"start":{"line":72,"column":12},"end":{"line":72,"column":44}},"70":{"start":{"line":73,"column":12},"end":{"line":73,"column":93}},"71":{"start":{"line":74,"column":12},"end":{"line":74,"column":41}},"72":{"start":{"line":76,"column":8},"end":{"line":76,"column":30}},"73":{"start":{"line":77,"column":8},"end":{"line":77,"column":38}},"74":{"start":{"line":80,"column":0},"end":{"line":80,"column":28}}},"fnMap":{"0":{"name":"(anonymous_0)","decl":{"start":{"line":2,"column":40},"end":{"line":2,"column":41}},"loc":{"start":{"line":2,"column":53},"end":{"line":2,"column":126}},"line":2},"1":{"name":"(anonymous_1)","decl":{"start":{"line":3,"column":58},"end":{"line":3,"column":59}},"loc":{"start":{"line":3,"column":100},"end":{"line":13,"column":1}},"line":3},"2":{"name":"(anonymous_2)","decl":{"start":{"line":6,"column":90},"end":{"line":6,"column":91}},"loc":{"start":{"line":6,"column":102},"end":{"line":6,"column":118}},"line":6},"3":{"name":"verb","decl":{"start":{"line":7,"column":13},"end":{"line":7,"column":17}},"loc":{"start":{"line":7,"column":21},"end":{"line":7,"column":142}},"line":7},"4":{"name":"(anonymous_4)","decl":{"start":{"line":7,"column":40},"end":{"line":7,"column":41}},"loc":{"start":{"line":7,"column":53},"end":{"line":7,"column":139}},"line":7},"5":{"name":"(anonymous_5)","decl":{"start":{"line":7,"column":74},"end":{"line":7,"column":75}},"loc":{"start":{"line":7,"column":90},"end":{"line":7,"column":135}},"line":7},"6":{"name":"resume","decl":{"start":{"line":8,"column":13},"end":{"line":8,"column":19}},"loc":{"start":{"line":8,"column":26},"end":{"line":8,"column":86}},"line":8},"7":{"name":"step","decl":{"start":{"line":9,"column":13},"end":{"line":9,"column":17}},"loc":{"start":{"line":9,"column":21},"end":{"line":9,"column":124}},"line":9},"8":{"name":"fulfill","decl":{"start":{"line":10,"column":13},"end":{"line":10,"column":20}},"loc":{"start":{"line":10,"column":28},"end":{"line":10,"column":54}},"line":10},"9":{"name":"reject","decl":{"start":{"line":11,"column":13},"end":{"line":11,"column":19}},"loc":{"start":{"line":11,"column":27},"end":{"line":11,"column":54}},"line":11},"10":{"name":"settle","decl":{"start":{"line":12,"column":13},"end":{"line":12,"column":19}},"loc":{"start":{"line":12,"column":26},"end":{"line":12,"column":86}},"line":12},"11":{"name":"(anonymous_11)","decl":{"start":{"line":20,"column":14},"end":{"line":20,"column":15}},"loc":{"start":{"line":20,"column":22},"end":{"line":20,"column":61}},"line":20},"12":{"name":"(anonymous_12)","decl":{"start":{"line":20,"column":34},"end":{"line":20,"column":35}},"loc":{"start":{"line":20,"column":41},"end":{"line":20,"column":60}},"line":20},"13":{"name":"countDown","decl":{"start":{"line":21,"column":9},"end":{"line":21,"column":18}},"loc":{"start":{"line":21,"column":31},"end":{"line":31,"column":1}},"line":21},"14":{"name":"countDown_1","decl":{"start":{"line":22,"column":55},"end":{"line":22,"column":66}},"loc":{"start":{"line":22,"column":69},"end":{"line":30,"column":5}},"line":22},"15":{"name":"schedule","decl":{"start":{"line":33,"column":9},"end":{"line":33,"column":17}},"loc":{"start":{"line":33,"column":69},"end":{"line":79,"column":1}},"line":33},"16":{"name":"schedule_1","decl":{"start":{"line":34,"column":55},"end":{"line":34,"column":65}},"loc":{"start":{"line":34,"column":68},"end":{"line":78,"column":5}},"line":34}},"branchMap":{"0":{"loc":{"start":{"line":2,"column":14},"end":{"line":2,"column":126}},"type":"binary-expr","locations":[{"start":{"line":2,"column":15},"end":{"line":2,"column":19}},{"start":{"line":2,"column":23},"end":{"line":2,"column":35}},{"start":{"line":2,"column":40},"end":{"line":2,"column":126}}],"line":2},"1":{"loc":{"start":{"line":2,"column":62},"end":{"line":2,"column":123}},"type":"cond-expr","locations":[{"start":{"line":2,"column":89},"end":{"line":2,"column":105}},{"start":{"line":2,"column":109},"end":{"line":2,"column":123}}],"line":2},"2":{"loc":{"start":{"line":3,"column":23},"end":{"line":13,"column":1}},"type":"binary-expr","locations":[{"start":{"line":3,"column":24},"end":{"line":3,"column":28}},{"start":{"line":3,"column":32},"end":{"line":3,"column":53}},{"start":{"line":3,"column":58},"end":{"line":13,"column":1}}],"line":3},"3":{"loc":{"start":{"line":4,"column":4},"end":{"line":4,"column":91}},"type":"if","locations":[{"start":{"line":4,"column":4},"end":{"line":4,"column":91}},{"start":{},"end":{}}],"line":4},"4":{"loc":{"start":{"line":5,"column":37},"end":{"line":5,"column":53}},"type":"binary-expr","locations":[{"start":{"line":5,"column":37},"end":{"line":5,"column":47}},{"start":{"line":5,"column":51},"end":{"line":5,"column":53}}],"line":5},"5":{"loc":{"start":{"line":7,"column":23},"end":{"line":7,"column":140}},"type":"if","locations":[{"start":{"line":7,"column":23},"end":{"line":7,"column":140}},{"start":{},"end":{}}],"line":7},"6":{"loc":{"start":{"line":7,"column":92},"end":{"line":7,"column":132}},"type":"binary-expr","locations":[{"start":{"line":7,"column":92},"end":{"line":7,"column":116}},{"start":{"line":7,"column":120},"end":{"line":7,"column":132}}],"line":7},"7":{"loc":{"start":{"line":9,"column":23},"end":{"line":9,"column":121}},"type":"cond-expr","locations":[{"start":{"line":9,"column":52},"end":{"line":9,"column":100}},{"start":{"line":9,"column":103},"end":{"line":9,"column":121}}],"line":9},"8":{"loc":{"start":{"line":12,"column":28},"end":{"line":12,"column":84}},"type":"if","locations":[{"start":{"line":12,"column":28},"end":{"line":12,"column":84}},{"start":{},"end":{}}],"line":12},"9":{"loc":{"start":{"line":21,"column":19},"end":{"line":21,"column":29}},"type":"default-arg","locations":[{"start":{"line":21,"column":28},"end":{"line":21,"column":29}}],"line":21},"10":{"loc":{"start":{"line":33,"column":52},"end":{"line":33,"column":67}},"type":"default-arg","locations":[{"start":{"line":33,"column":66},"end":{"line":33,"column":67}}],"line":33},"11":{"loc":{"start":{"line":39,"column":8},"end":{"line":42,"column":9}},"type":"if","locations":[{"start":{"line":39,"column":8},"end":{"line":42,"column":9}},{"start":{},"end":{}}],"line":39},"12":{"loc":{"start":{"line":43,"column":8},"end":{"line":46,"column":9}},"type":"if","locations":[{"start":{"line":43,"column":8},"end":{"line":46,"column":9}},{"start":{},"end":{}}],"line":43},"13":{"loc":{"start":{"line":47,"column":8},"end":{"line":50,"column":9}},"type":"if","locations":[{"start":{"line":47,"column":8},"end":{"line":50,"column":9}},{"start":{},"end":{}}],"line":47},"14":{"loc":{"start":{"line":64,"column":17},"end":{"line":64,"column":55}},"type":"binary-expr","locations":[{"start":{"line":64,"column":17},"end":{"line":64,"column":46}},{"start":{"line":64,"column":50},"end":{"line":64,"column":55}}],"line":64},"15":{"loc":{"start":{"line":59,"column":12},"end":{"line":63,"column":13}},"type":"if","locations":[{"start":{"line":59,"column":12},"end":{"line":63,"column":13}},{"start":{},"end":{}}],"line":59},"16":{"loc":{"start":{"line":59,"column":16},"end":{"line":59,"column":51}},"type":"binary-expr","locations":[{"start":{"line":59,"column":16},"end":{"line":59,"column":21}},{"start":{"line":59,"column":25},"end":{"line":59,"column":51}}],"line":59},"17":{"loc":{"start":{"line":65,"column":8},"end":{"line":75,"column":9}},"type":"if","locations":[{"start":{"line":65,"column":8},"end":{"line":75,"column":9}},{"start":{"line":70,"column":13},"end":{"line":75,"column":9}}],"line":65}},"s":{"0":2,"1":40,"2":2,"3":10,"4":0,"5":10,"6":10,"7":10,"8":0,"9":30,"10":30,"11":16,"12":16,"13":36,"14":36,"15":0,"16":36,"17":20,"18":0,"19":16,"20":0,"21":2,"22":2,"23":2,"24":2,"25":2,"26":2,"27":2,"28":4,"29":4,"30":2,"31":2,"32":2,"33":4,"34":4,"35":4,"36":2,"37":2,"38":8,"39":8,"40":8,"41":8,"42":8,"43":8,"44":2,"45":2,"46":6,"47":2,"48":2,"49":4,"50":2,"51":2,"52":2,"53":2,"54":2,"55":2,"56":2,"57":2,"58":2,"59":2,"60":2,"61":0,"62":0,"63":0,"64":2,"65":2,"66":2,"67":2,"68":0,"69":0,"70":0,"71":0,"72":2,"73":2,"74":2},"f":{"0":40,"1":10,"2":0,"3":30,"4":16,"5":16,"6":36,"7":36,"8":20,"9":0,"10":16,"11":4,"12":4,"13":2,"14":2,"15":8,"16":8},"b":{"0":[2,2,2],"1":[20,20],"2":[2,2,2],"3":[0,10],"4":[10,0],"5":[30,0],"6":[16,16],"7":[20,16],"8":[0,16],"9":[0],"10":[8],"11":[2,6],"12":[2,4],"13":[2,2],"14":[2,0],"15":[0,2],"16":[2,2],"17":[2,0]},"inputSourceMap":null,"_coverageSchema":"1a1c01bbd47fc00a2c39e90264f33305004495a9","hash":"a02abe4284f2e8f815b46c8167026db46b38c809"}
,"/home/chris/CODE/teams/js/match.js": {"path":"/home/chris/CODE/teams/js/match.js","statementMap":{"0":{"start":{"line":2,"column":0},"end":{"line":2,"column":62}},"1":{"start":{"line":3,"column":0},"end":{"line":3,"column":23}},"2":{"start":{"line":6,"column":8},"end":{"line":6,"column":33}},"3":{"start":{"line":7,"column":8},"end":{"line":7,"column":33}},"4":{"start":{"line":8,"column":8},"end":{"line":8,"column":25}},"5":{"start":{"line":9,"column":8},"end":{"line":9,"column":32}},"6":{"start":{"line":12,"column":8},"end":{"line":12,"column":64}},"7":{"start":{"line":15,"column":0},"end":{"line":15,"column":22}}},"fnMap":{"0":{"name":"(anonymous_0)","decl":{"start":{"line":5,"column":4},"end":{"line":5,"column":5}},"loc":{"start":{"line":5,"column":42},"end":{"line":10,"column":5}},"line":5},"1":{"name":"(anonymous_1)","decl":{"start":{"line":11,"column":4},"end":{"line":11,"column":5}},"loc":{"start":{"line":11,"column":15},"end":{"line":13,"column":5}},"line":11}},"branchMap":{},"s":{"0":2,"1":2,"2":12,"3":12,"4":12,"5":12,"6":12,"7":2},"f":{"0":12,"1":12},"b":{},"inputSourceMap":null,"_coverageSchema":"1a1c01bbd47fc00a2c39e90264f33305004495a9","hash":"51c1346ae94d7df51f5cb587d999d76905c5108f"}
,"/home/chris/CODE/teams/js/random.js": {"path":"/home/chris/CODE/teams/js/random.js","statementMap":{"0":{"start":{"line":2,"column":0},"end":{"line":2,"column":62}},"1":{"start":{"line":3,"column":0},"end":{"line":3,"column":24}},"2":{"start":{"line":5,"column":4},"end":{"line":5,"column":49}},"3":{"start":{"line":7,"column":0},"end":{"line":7,"column":24}}},"fnMap":{"0":{"name":"random","decl":{"start":{"line":4,"column":9},"end":{"line":4,"column":15}},"loc":{"start":{"line":4,"column":21},"end":{"line":6,"column":1}},"line":4}},"branchMap":{},"s":{"0":6,"1":6,"2":26,"3":6},"f":{"0":26},"b":{},"inputSourceMap":null,"_coverageSchema":"1a1c01bbd47fc00a2c39e90264f33305004495a9","hash":"f64938041daa97d4ef65685c0351c0108104653d"}
,"/home/chris/CODE/teams/js/results.js": {"path":"/home/chris/CODE/teams/js/results.js","statementMap":{"0":{"start":{"line":2,"column":0},"end":{"line":2,"column":62}},"1":{"start":{"line":3,"column":0},"end":{"line":3,"column":25}},"2":{"start":{"line":6,"column":8},"end":{"line":6,"column":26}},"3":{"start":{"line":7,"column":8},"end":{"line":7,"column":24}},"4":{"start":{"line":8,"column":8},"end":{"line":8,"column":25}},"5":{"start":{"line":9,"column":8},"end":{"line":9,"column":27}},"6":{"start":{"line":10,"column":8},"end":{"line":10,"column":25}},"7":{"start":{"line":11,"column":8},"end":{"line":11,"column":31}},"8":{"start":{"line":12,"column":8},"end":{"line":12,"column":24}},"9":{"start":{"line":15,"column":0},"end":{"line":15,"column":26}}},"fnMap":{"0":{"name":"(anonymous_0)","decl":{"start":{"line":5,"column":4},"end":{"line":5,"column":5}},"loc":{"start":{"line":5,"column":29},"end":{"line":13,"column":5}},"line":5}},"branchMap":{},"s":{"0":2,"1":2,"2":8,"3":8,"4":8,"5":8,"6":8,"7":8,"8":8,"9":2},"f":{"0":8},"b":{},"inputSourceMap":null,"_coverageSchema":"1a1c01bbd47fc00a2c39e90264f33305004495a9","hash":"4eae737ae5d39168486ec018c1d0f0e336ac9397"}
,"/home/chris/CODE/teams/js/scheduler.js": {"path":"/home/chris/CODE/teams/js/scheduler.js","statementMap":{"0":{"start":{"line":2,"column":0},"end":{"line":2,"column":62}},"1":{"start":{"line":3,"column":0},"end":{"line":3,"column":27}},"2":{"start":{"line":4,"column":16},"end":{"line":4,"column":34}},"3":{"start":{"line":5,"column":15},"end":{"line":5,"column":32}},"4":{"start":{"line":8,"column":8},"end":{"line":8,"column":24}},"5":{"start":{"line":9,"column":8},"end":{"line":9,"column":25}},"6":{"start":{"line":10,"column":8},"end":{"line":10,"column":27}},"7":{"start":{"line":11,"column":8},"end":{"line":11,"column":39}},"8":{"start":{"line":14,"column":8},"end":{"line":14,"column":48}},"9":{"start":{"line":15,"column":8},"end":{"line":15,"column":26}},"10":{"start":{"line":16,"column":8},"end":{"line":16,"column":27}},"11":{"start":{"line":17,"column":8},"end":{"line":17,"column":80}},"12":{"start":{"line":17,"column":41},"end":{"line":17,"column":78}},"13":{"start":{"line":18,"column":8},"end":{"line":20,"column":11}},"14":{"start":{"line":19,"column":12},"end":{"line":19,"column":53}},"15":{"start":{"line":23,"column":8},"end":{"line":26,"column":9}},"16":{"start":{"line":24,"column":12},"end":{"line":24,"column":90}},"17":{"start":{"line":25,"column":12},"end":{"line":25,"column":25}},"18":{"start":{"line":27,"column":31},"end":{"line":27,"column":67}},"19":{"start":{"line":28,"column":30},"end":{"line":28,"column":52}},"20":{"start":{"line":29,"column":8},"end":{"line":29,"column":104}},"21":{"start":{"line":30,"column":8},"end":{"line":35,"column":9}},"22":{"start":{"line":31,"column":12},"end":{"line":33,"column":15}},"23":{"start":{"line":32,"column":16},"end":{"line":32,"column":39}},"24":{"start":{"line":34,"column":12},"end":{"line":34,"column":24}},"25":{"start":{"line":36,"column":8},"end":{"line":36,"column":21}},"26":{"start":{"line":39,"column":8},"end":{"line":39,"column":21}},"27":{"start":{"line":40,"column":8},"end":{"line":88,"column":9}},"28":{"start":{"line":40,"column":29},"end":{"line":40,"column":30}},"29":{"start":{"line":41,"column":12},"end":{"line":41,"column":49}},"30":{"start":{"line":42,"column":28},"end":{"line":42,"column":30}},"31":{"start":{"line":43,"column":28},"end":{"line":43,"column":30}},"32":{"start":{"line":44,"column":12},"end":{"line":44,"column":56}},"33":{"start":{"line":45,"column":29},"end":{"line":45,"column":115}},"34":{"start":{"line":45,"column":77},"end":{"line":45,"column":114}},"35":{"start":{"line":46,"column":12},"end":{"line":46,"column":137}},"36":{"start":{"line":46,"column":70},"end":{"line":46,"column":132}},"37":{"start":{"line":47,"column":12},"end":{"line":77,"column":15}},"38":{"start":{"line":48,"column":16},"end":{"line":48,"column":52}},"39":{"start":{"line":49,"column":31},"end":{"line":49,"column":76}},"40":{"start":{"line":50,"column":16},"end":{"line":76,"column":17}},"41":{"start":{"line":51,"column":20},"end":{"line":51,"column":68}},"42":{"start":{"line":54,"column":20},"end":{"line":54,"column":64}},"43":{"start":{"line":55,"column":37},"end":{"line":55,"column":110}},"44":{"start":{"line":56,"column":20},"end":{"line":75,"column":21}},"45":{"start":{"line":57,"column":24},"end":{"line":57,"column":96}},"46":{"start":{"line":58,"column":24},"end":{"line":69,"column":25}},"47":{"start":{"line":59,"column":28},"end":{"line":59,"column":76}},"48":{"start":{"line":62,"column":28},"end":{"line":62,"column":78}},"49":{"start":{"line":63,"column":52},"end":{"line":63,"column":125}},"50":{"start":{"line":64,"column":28},"end":{"line":68,"column":29}},"51":{"start":{"line":65,"column":32},"end":{"line":65,"column":57}},"52":{"start":{"line":66,"column":32},"end":{"line":66,"column":64}},"53":{"start":{"line":67,"column":32},"end":{"line":67,"column":136}},"54":{"start":{"line":72,"column":24},"end":{"line":72,"column":49}},"55":{"start":{"line":73,"column":24},"end":{"line":73,"column":49}},"56":{"start":{"line":74,"column":24},"end":{"line":74,"column":121}},"57":{"start":{"line":78,"column":12},"end":{"line":80,"column":13}},"58":{"start":{"line":79,"column":16},"end":{"line":79,"column":29}},"59":{"start":{"line":81,"column":12},"end":{"line":81,"column":58}},"60":{"start":{"line":82,"column":12},"end":{"line":87,"column":13}},"61":{"start":{"line":82,"column":48},"end":{"line":82,"column":70}},"62":{"start":{"line":83,"column":16},"end":{"line":86,"column":19}},"63":{"start":{"line":84,"column":20},"end":{"line":84,"column":58}},"64":{"start":{"line":85,"column":20},"end":{"line":85,"column":64}},"65":{"start":{"line":89,"column":8},"end":{"line":89,"column":20}},"66":{"start":{"line":92,"column":0},"end":{"line":92,"column":30}}},"fnMap":{"0":{"name":"(anonymous_0)","decl":{"start":{"line":7,"column":4},"end":{"line":7,"column":5}},"loc":{"start":{"line":7,"column":42},"end":{"line":12,"column":5}},"line":7},"1":{"name":"(anonymous_1)","decl":{"start":{"line":13,"column":4},"end":{"line":13,"column":5}},"loc":{"start":{"line":13,"column":12},"end":{"line":21,"column":5}},"line":13},"2":{"name":"(anonymous_2)","decl":{"start":{"line":17,"column":33},"end":{"line":17,"column":34}},"loc":{"start":{"line":17,"column":41},"end":{"line":17,"column":78}},"line":17},"3":{"name":"(anonymous_3)","decl":{"start":{"line":18,"column":33},"end":{"line":18,"column":34}},"loc":{"start":{"line":18,"column":38},"end":{"line":20,"column":9}},"line":18},"4":{"name":"(anonymous_4)","decl":{"start":{"line":22,"column":4},"end":{"line":22,"column":5}},"loc":{"start":{"line":22,"column":36},"end":{"line":37,"column":5}},"line":22},"5":{"name":"(anonymous_5)","decl":{"start":{"line":31,"column":37},"end":{"line":31,"column":38}},"loc":{"start":{"line":31,"column":42},"end":{"line":33,"column":13}},"line":31},"6":{"name":"(anonymous_6)","decl":{"start":{"line":38,"column":4},"end":{"line":38,"column":5}},"loc":{"start":{"line":38,"column":16},"end":{"line":90,"column":5}},"line":38},"7":{"name":"(anonymous_7)","decl":{"start":{"line":45,"column":67},"end":{"line":45,"column":68}},"loc":{"start":{"line":45,"column":77},"end":{"line":45,"column":114}},"line":45},"8":{"name":"(anonymous_8)","decl":{"start":{"line":46,"column":65},"end":{"line":46,"column":66}},"loc":{"start":{"line":46,"column":70},"end":{"line":46,"column":132}},"line":46},"9":{"name":"(anonymous_9)","decl":{"start":{"line":47,"column":29},"end":{"line":47,"column":30}},"loc":{"start":{"line":47,"column":36},"end":{"line":77,"column":13}},"line":47},"10":{"name":"(anonymous_10)","decl":{"start":{"line":82,"column":43},"end":{"line":82,"column":44}},"loc":{"start":{"line":82,"column":48},"end":{"line":82,"column":70}},"line":82},"11":{"name":"(anonymous_11)","decl":{"start":{"line":83,"column":41},"end":{"line":83,"column":42}},"loc":{"start":{"line":83,"column":49},"end":{"line":86,"column":17}},"line":83}},"branchMap":{"0":{"loc":{"start":{"line":23,"column":8},"end":{"line":26,"column":9}},"type":"if","locations":[{"start":{"line":23,"column":8},"end":{"line":26,"column":9}},{"start":{},"end":{}}],"line":23},"1":{"loc":{"start":{"line":30,"column":8},"end":{"line":35,"column":9}},"type":"if","locations":[{"start":{"line":30,"column":8},"end":{"line":35,"column":9}},{"start":{},"end":{}}],"line":30},"2":{"loc":{"start":{"line":50,"column":16},"end":{"line":76,"column":17}},"type":"if","locations":[{"start":{"line":50,"column":16},"end":{"line":76,"column":17}},{"start":{"line":53,"column":21},"end":{"line":76,"column":17}}],"line":50},"3":{"loc":{"start":{"line":56,"column":20},"end":{"line":75,"column":21}},"type":"if","locations":[{"start":{"line":56,"column":20},"end":{"line":75,"column":21}},{"start":{"line":71,"column":25},"end":{"line":75,"column":21}}],"line":56},"4":{"loc":{"start":{"line":58,"column":24},"end":{"line":69,"column":25}},"type":"if","locations":[{"start":{"line":58,"column":24},"end":{"line":69,"column":25}},{"start":{"line":61,"column":29},"end":{"line":69,"column":25}}],"line":58},"5":{"loc":{"start":{"line":64,"column":28},"end":{"line":68,"column":29}},"type":"if","locations":[{"start":{"line":64,"column":28},"end":{"line":68,"column":29}},{"start":{},"end":{}}],"line":64},"6":{"loc":{"start":{"line":78,"column":12},"end":{"line":80,"column":13}},"type":"if","locations":[{"start":{"line":78,"column":12},"end":{"line":80,"column":13}},{"start":{},"end":{}}],"line":78},"7":{"loc":{"start":{"line":82,"column":12},"end":{"line":87,"column":13}},"type":"if","locations":[{"start":{"line":82,"column":12},"end":{"line":87,"column":13}},{"start":{},"end":{}}],"line":82}},"s":{"0":2,"1":2,"2":2,"3":2,"4":2,"5":2,"6":2,"7":2,"8":2,"9":2,"10":2,"11":2,"12":8,"13":2,"14":8,"15":8,"16":0,"17":0,"18":8,"19":8,"20":8,"21":8,"22":2,"23":8,"24":2,"25":6,"26":2,"27":2,"28":2,"29":8,"30":8,"31":8,"32":8,"33":8,"34":16,"35":8,"36":32,"37":8,"38":24,"39":24,"40":24,"41":10,"42":14,"43":14,"44":14,"45":2,"46":2,"47":0,"48":2,"49":2,"50":2,"51":0,"52":0,"53":0,"54":12,"55":12,"56":12,"57":8,"58":2,"59":6,"60":6,"61":6,"62":0,"63":0,"64":0,"65":0,"66":2},"f":{"0":2,"1":2,"2":8,"3":8,"4":8,"5":8,"6":2,"7":16,"8":32,"9":24,"10":6,"11":0},"b":{"0":[0,8],"1":[2,6],"2":[10,14],"3":[2,12],"4":[0,2],"5":[0,2],"6":[2,6],"7":[0,6]},"inputSourceMap":null,"_coverageSchema":"1a1c01bbd47fc00a2c39e90264f33305004495a9","hash":"729300afa466e8933eea8231444a2759a8c4ddf9"}
,"/home/chris/CODE/teams/js/team.js": {"path":"/home/chris/CODE/teams/js/team.js","statementMap":{"0":{"start":{"line":2,"column":0},"end":{"line":2,"column":62}},"1":{"start":{"line":3,"column":0},"end":{"line":3,"column":22}},"2":{"start":{"line":4,"column":21},"end":{"line":4,"column":44}},"3":{"start":{"line":7,"column":8},"end":{"line":7,"column":26}},"4":{"start":{"line":8,"column":8},"end":{"line":8,"column":23}},"5":{"start":{"line":9,"column":8},"end":{"line":9,"column":26}},"6":{"start":{"line":10,"column":8},"end":{"line":10,"column":37}},"7":{"start":{"line":11,"column":8},"end":{"line":11,"column":60}},"8":{"start":{"line":14,"column":8},"end":{"line":14,"column":40}},"9":{"start":{"line":17,"column":8},"end":{"line":17,"column":47}},"10":{"start":{"line":20,"column":8},"end":{"line":20,"column":25}},"11":{"start":{"line":23,"column":8},"end":{"line":23,"column":26}},"12":{"start":{"line":24,"column":8},"end":{"line":24,"column":32}},"13":{"start":{"line":27,"column":8},"end":{"line":27,"column":74}},"14":{"start":{"line":30,"column":8},"end":{"line":30,"column":33}},"15":{"start":{"line":31,"column":8},"end":{"line":38,"column":9}},"16":{"start":{"line":32,"column":12},"end":{"line":32,"column":34}},"17":{"start":{"line":33,"column":12},"end":{"line":33,"column":43}},"18":{"start":{"line":34,"column":12},"end":{"line":34,"column":55}},"19":{"start":{"line":37,"column":12},"end":{"line":37,"column":55}},"20":{"start":{"line":41,"column":8},"end":{"line":41,"column":71}},"21":{"start":{"line":41,"column":40},"end":{"line":41,"column":69}},"22":{"start":{"line":44,"column":8},"end":{"line":44,"column":71}},"23":{"start":{"line":44,"column":40},"end":{"line":44,"column":69}},"24":{"start":{"line":47,"column":8},"end":{"line":47,"column":41}},"25":{"start":{"line":50,"column":8},"end":{"line":50,"column":41}},"26":{"start":{"line":53,"column":8},"end":{"line":53,"column":35}},"27":{"start":{"line":56,"column":0},"end":{"line":56,"column":20}}},"fnMap":{"0":{"name":"(anonymous_0)","decl":{"start":{"line":6,"column":4},"end":{"line":6,"column":5}},"loc":{"start":{"line":6,"column":21},"end":{"line":12,"column":5}},"line":6},"1":{"name":"(anonymous_1)","decl":{"start":{"line":13,"column":4},"end":{"line":13,"column":5}},"loc":{"start":{"line":13,"column":26},"end":{"line":15,"column":5}},"line":13},"2":{"name":"(anonymous_2)","decl":{"start":{"line":16,"column":4},"end":{"line":16,"column":5}},"loc":{"start":{"line":16,"column":9},"end":{"line":18,"column":5}},"line":16},"3":{"name":"(anonymous_3)","decl":{"start":{"line":19,"column":4},"end":{"line":19,"column":5}},"loc":{"start":{"line":19,"column":15},"end":{"line":21,"column":5}},"line":19},"4":{"name":"(anonymous_4)","decl":{"start":{"line":22,"column":4},"end":{"line":22,"column":5}},"loc":{"start":{"line":22,"column":12},"end":{"line":25,"column":5}},"line":22},"5":{"name":"(anonymous_5)","decl":{"start":{"line":26,"column":4},"end":{"line":26,"column":5}},"loc":{"start":{"line":26,"column":12},"end":{"line":28,"column":5}},"line":26},"6":{"name":"(anonymous_6)","decl":{"start":{"line":29,"column":4},"end":{"line":29,"column":5}},"loc":{"start":{"line":29,"column":20},"end":{"line":39,"column":5}},"line":29},"7":{"name":"(anonymous_7)","decl":{"start":{"line":40,"column":4},"end":{"line":40,"column":5}},"loc":{"start":{"line":40,"column":18},"end":{"line":42,"column":5}},"line":40},"8":{"name":"(anonymous_8)","decl":{"start":{"line":41,"column":35},"end":{"line":41,"column":36}},"loc":{"start":{"line":41,"column":40},"end":{"line":41,"column":69}},"line":41},"9":{"name":"(anonymous_9)","decl":{"start":{"line":43,"column":4},"end":{"line":43,"column":5}},"loc":{"start":{"line":43,"column":18},"end":{"line":45,"column":5}},"line":43},"10":{"name":"(anonymous_10)","decl":{"start":{"line":44,"column":35},"end":{"line":44,"column":36}},"loc":{"start":{"line":44,"column":40},"end":{"line":44,"column":69}},"line":44},"11":{"name":"(anonymous_11)","decl":{"start":{"line":46,"column":4},"end":{"line":46,"column":5}},"loc":{"start":{"line":46,"column":16},"end":{"line":48,"column":5}},"line":46},"12":{"name":"(anonymous_12)","decl":{"start":{"line":49,"column":4},"end":{"line":49,"column":5}},"loc":{"start":{"line":49,"column":16},"end":{"line":51,"column":5}},"line":49},"13":{"name":"(anonymous_13)","decl":{"start":{"line":52,"column":4},"end":{"line":52,"column":5}},"loc":{"start":{"line":52,"column":17},"end":{"line":54,"column":5}},"line":52}},"branchMap":{"0":{"loc":{"start":{"line":31,"column":8},"end":{"line":38,"column":9}},"type":"if","locations":[{"start":{"line":31,"column":8},"end":{"line":38,"column":9}},{"start":{"line":36,"column":13},"end":{"line":38,"column":9}}],"line":31}},"s":{"0":4,"1":4,"2":4,"3":42,"4":42,"5":42,"6":42,"7":42,"8":8,"9":1157,"10":151,"11":8,"12":8,"13":16,"14":24,"15":24,"16":12,"17":12,"18":12,"19":12,"20":109,"21":175,"22":80,"23":112,"24":78,"25":80,"26":98,"27":4},"f":{"0":42,"1":8,"2":1157,"3":151,"4":8,"5":16,"6":24,"7":109,"8":175,"9":80,"10":112,"11":78,"12":80,"13":98},"b":{"0":[12,12]},"inputSourceMap":null,"_coverageSchema":"1a1c01bbd47fc00a2c39e90264f33305004495a9","hash":"b5f08bd495fe71de27e019fdbe90de81b61ba806"}
,"/home/chris/CODE/teams/js/teams.js": {"path":"/home/chris/CODE/teams/js/teams.js","statementMap":{"0":{"start":{"line":2,"column":0},"end":{"line":2,"column":62}},"1":{"start":{"line":3,"column":0},"end":{"line":3,"column":23}},"2":{"start":{"line":4,"column":15},"end":{"line":4,"column":32}},"3":{"start":{"line":5,"column":17},"end":{"line":5,"column":36}},"4":{"start":{"line":8,"column":8},"end":{"line":8,"column":24}},"5":{"start":{"line":9,"column":8},"end":{"line":9,"column":25}},"6":{"start":{"line":10,"column":8},"end":{"line":10,"column":27}},"7":{"start":{"line":11,"column":8},"end":{"line":12,"column":98}},"8":{"start":{"line":11,"column":42},"end":{"line":11,"column":62}},"9":{"start":{"line":12,"column":75},"end":{"line":12,"column":95}},"10":{"start":{"line":13,"column":8},"end":{"line":13,"column":50}},"11":{"start":{"line":16,"column":8},"end":{"line":16,"column":42}},"12":{"start":{"line":19,"column":8},"end":{"line":19,"column":84}},"13":{"start":{"line":19,"column":44},"end":{"line":19,"column":75}},"14":{"start":{"line":22,"column":8},"end":{"line":22,"column":49}},"15":{"start":{"line":22,"column":38},"end":{"line":22,"column":47}},"16":{"start":{"line":25,"column":8},"end":{"line":25,"column":49}},"17":{"start":{"line":25,"column":35},"end":{"line":25,"column":47}},"18":{"start":{"line":28,"column":43},"end":{"line":34,"column":54}},"19":{"start":{"line":30,"column":28},"end":{"line":30,"column":55}},"20":{"start":{"line":32,"column":28},"end":{"line":32,"column":53}},"21":{"start":{"line":34,"column":28},"end":{"line":34,"column":53}},"22":{"start":{"line":35,"column":8},"end":{"line":35,"column":86}},"23":{"start":{"line":36,"column":30},"end":{"line":43,"column":84}},"24":{"start":{"line":38,"column":28},"end":{"line":38,"column":59}},"25":{"start":{"line":40,"column":28},"end":{"line":40,"column":74}},"26":{"start":{"line":42,"column":28},"end":{"line":43,"column":83}},"27":{"start":{"line":42,"column":60},"end":{"line":42,"column":70}},"28":{"start":{"line":43,"column":25},"end":{"line":43,"column":45}},"29":{"start":{"line":44,"column":8},"end":{"line":44,"column":56}},"30":{"start":{"line":45,"column":26},"end":{"line":47,"column":128}},"31":{"start":{"line":46,"column":28},"end":{"line":46,"column":68}},"32":{"start":{"line":47,"column":28},"end":{"line":47,"column":127}},"33":{"start":{"line":48,"column":8},"end":{"line":48,"column":54}},"34":{"start":{"line":49,"column":8},"end":{"line":52,"column":9}},"35":{"start":{"line":50,"column":12},"end":{"line":50,"column":46}},"36":{"start":{"line":51,"column":12},"end":{"line":51,"column":24}},"37":{"start":{"line":53,"column":8},"end":{"line":53,"column":84}},"38":{"start":{"line":54,"column":23},"end":{"line":54,"column":76}},"39":{"start":{"line":55,"column":8},"end":{"line":55,"column":61}},"40":{"start":{"line":56,"column":8},"end":{"line":56,"column":22}},"41":{"start":{"line":59,"column":0},"end":{"line":59,"column":22}}},"fnMap":{"0":{"name":"(anonymous_0)","decl":{"start":{"line":7,"column":4},"end":{"line":7,"column":5}},"loc":{"start":{"line":7,"column":29},"end":{"line":14,"column":5}},"line":7},"1":{"name":"(anonymous_1)","decl":{"start":{"line":11,"column":35},"end":{"line":11,"column":36}},"loc":{"start":{"line":11,"column":42},"end":{"line":11,"column":62}},"line":11},"2":{"name":"(anonymous_2)","decl":{"start":{"line":12,"column":68},"end":{"line":12,"column":69}},"loc":{"start":{"line":12,"column":75},"end":{"line":12,"column":95}},"line":12},"3":{"name":"(anonymous_3)","decl":{"start":{"line":15,"column":4},"end":{"line":15,"column":5}},"loc":{"start":{"line":15,"column":16},"end":{"line":17,"column":5}},"line":15},"4":{"name":"(anonymous_4)","decl":{"start":{"line":18,"column":4},"end":{"line":18,"column":5}},"loc":{"start":{"line":18,"column":29},"end":{"line":20,"column":5}},"line":18},"5":{"name":"(anonymous_5)","decl":{"start":{"line":19,"column":36},"end":{"line":19,"column":37}},"loc":{"start":{"line":19,"column":44},"end":{"line":19,"column":75}},"line":19},"6":{"name":"(anonymous_6)","decl":{"start":{"line":21,"column":4},"end":{"line":21,"column":5}},"loc":{"start":{"line":21,"column":15},"end":{"line":23,"column":5}},"line":21},"7":{"name":"(anonymous_7)","decl":{"start":{"line":22,"column":30},"end":{"line":22,"column":31}},"loc":{"start":{"line":22,"column":38},"end":{"line":22,"column":47}},"line":22},"8":{"name":"(anonymous_8)","decl":{"start":{"line":24,"column":4},"end":{"line":24,"column":5}},"loc":{"start":{"line":24,"column":12},"end":{"line":26,"column":5}},"line":24},"9":{"name":"(anonymous_9)","decl":{"start":{"line":25,"column":27},"end":{"line":25,"column":28}},"loc":{"start":{"line":25,"column":35},"end":{"line":25,"column":47}},"line":25},"10":{"name":"(anonymous_10)","decl":{"start":{"line":27,"column":4},"end":{"line":27,"column":5}},"loc":{"start":{"line":27,"column":62},"end":{"line":57,"column":5}},"line":27},"11":{"name":"(anonymous_11)","decl":{"start":{"line":30,"column":20},"end":{"line":30,"column":21}},"loc":{"start":{"line":30,"column":28},"end":{"line":30,"column":55}},"line":30},"12":{"name":"(anonymous_12)","decl":{"start":{"line":32,"column":20},"end":{"line":32,"column":21}},"loc":{"start":{"line":32,"column":28},"end":{"line":32,"column":53}},"line":32},"13":{"name":"(anonymous_13)","decl":{"start":{"line":34,"column":20},"end":{"line":34,"column":21}},"loc":{"start":{"line":34,"column":28},"end":{"line":34,"column":53}},"line":34},"14":{"name":"(anonymous_14)","decl":{"start":{"line":38,"column":20},"end":{"line":38,"column":21}},"loc":{"start":{"line":38,"column":28},"end":{"line":38,"column":59}},"line":38},"15":{"name":"(anonymous_15)","decl":{"start":{"line":40,"column":20},"end":{"line":40,"column":21}},"loc":{"start":{"line":40,"column":28},"end":{"line":40,"column":74}},"line":40},"16":{"name":"(anonymous_16)","decl":{"start":{"line":42,"column":20},"end":{"line":42,"column":21}},"loc":{"start":{"line":42,"column":28},"end":{"line":43,"column":83}},"line":42},"17":{"name":"(anonymous_17)","decl":{"start":{"line":42,"column":55},"end":{"line":42,"column":56}},"loc":{"start":{"line":42,"column":60},"end":{"line":42,"column":70}},"line":42},"18":{"name":"(anonymous_18)","decl":{"start":{"line":43,"column":20},"end":{"line":43,"column":21}},"loc":{"start":{"line":43,"column":25},"end":{"line":43,"column":45}},"line":43},"19":{"name":"(anonymous_19)","decl":{"start":{"line":46,"column":20},"end":{"line":46,"column":21}},"loc":{"start":{"line":46,"column":28},"end":{"line":46,"column":68}},"line":46},"20":{"name":"(anonymous_20)","decl":{"start":{"line":47,"column":18},"end":{"line":47,"column":19}},"loc":{"start":{"line":47,"column":28},"end":{"line":47,"column":127}},"line":47}},"branchMap":{"0":{"loc":{"start":{"line":47,"column":28},"end":{"line":47,"column":127}},"type":"cond-expr","locations":[{"start":{"line":47,"column":64},"end":{"line":47,"column":93}},{"start":{"line":47,"column":96},"end":{"line":47,"column":127}}],"line":47},"1":{"loc":{"start":{"line":49,"column":8},"end":{"line":52,"column":9}},"type":"if","locations":[{"start":{"line":49,"column":8},"end":{"line":52,"column":9}},{"start":{},"end":{}}],"line":49}},"s":{"0":2,"1":2,"2":2,"3":2,"4":8,"5":8,"6":8,"7":8,"8":24,"9":12,"10":8,"11":8,"12":16,"13":16,"14":8,"15":36,"16":2,"17":8,"18":16,"19":64,"20":48,"21":42,"22":16,"23":16,"24":36,"25":36,"26":31,"27":15,"28":15,"29":16,"30":16,"31":31,"32":6,"33":16,"34":16,"35":4,"36":4,"37":12,"38":12,"39":12,"40":12,"41":2},"f":{"0":8,"1":24,"2":12,"3":8,"4":16,"5":16,"6":8,"7":36,"8":2,"9":8,"10":16,"11":64,"12":48,"13":42,"14":36,"15":36,"16":31,"17":15,"18":15,"19":31,"20":6},"b":{"0":[6,0],"1":[4,12]},"inputSourceMap":null,"_coverageSchema":"1a1c01bbd47fc00a2c39e90264f33305004495a9","hash":"bb0e0984cec573e575f069460f4f3769c29860cd"}
,"/home/chris/CODE/teams/js/week.js": {"path":"/home/chris/CODE/teams/js/week.js","statementMap":{"0":{"start":{"line":2,"column":0},"end":{"line":2,"column":62}},"1":{"start":{"line":3,"column":0},"end":{"line":3,"column":22}},"2":{"start":{"line":6,"column":8},"end":{"line":6,"column":26}},"3":{"start":{"line":7,"column":8},"end":{"line":7,"column":34}},"4":{"start":{"line":10,"column":8},"end":{"line":10,"column":64}},"5":{"start":{"line":10,"column":44},"end":{"line":10,"column":60}},"6":{"start":{"line":13,"column":8},"end":{"line":13,"column":25}},"7":{"start":{"line":16,"column":0},"end":{"line":16,"column":20}}},"fnMap":{"0":{"name":"(anonymous_0)","decl":{"start":{"line":5,"column":4},"end":{"line":5,"column":5}},"loc":{"start":{"line":5,"column":27},"end":{"line":8,"column":5}},"line":5},"1":{"name":"(anonymous_1)","decl":{"start":{"line":9,"column":4},"end":{"line":9,"column":5}},"loc":{"start":{"line":9,"column":15},"end":{"line":11,"column":5}},"line":9},"2":{"name":"(anonymous_2)","decl":{"start":{"line":10,"column":35},"end":{"line":10,"column":36}},"loc":{"start":{"line":10,"column":44},"end":{"line":10,"column":60}},"line":10},"3":{"name":"(anonymous_3)","decl":{"start":{"line":12,"column":4},"end":{"line":12,"column":5}},"loc":{"start":{"line":12,"column":17},"end":{"line":14,"column":5}},"line":12}},"branchMap":{},"s":{"0":2,"1":2,"2":8,"3":8,"4":6,"5":12,"6":0,"7":2},"f":{"0":8,"1":6,"2":12,"3":0},"b":{},"inputSourceMap":null,"_coverageSchema":"1a1c01bbd47fc00a2c39e90264f33305004495a9","hash":"c353f6a16ab10e95620dc945e9cf56b94b963d04"}
}
