TN:
SF:js/RoundRobin.js
FN:5,(anonymous_0)
FN:10,(anonymous_1)
FN:14,(anonymous_2)
FN:15,(anonymous_3)
FN:18,(anonymous_4)
FN:19,(anonymous_5)
FN:21,(anonymous_6)
FN:22,(anonymous_7)
FN:27,(anonymous_8)
FNF:9
FNH:9
FNDA:42,(anonymous_0)
FNDA:8,(anonymous_1)
FNDA:8,(anonymous_2)
FNDA:32,(anonymous_3)
FNDA:16,(anonymous_4)
FNDA:24,(anonymous_5)
FNDA:24,(anonymous_6)
FNDA:36,(anonymous_7)
FNDA:24,(anonymous_8)
DA:2,4
DA:3,4
DA:6,42
DA:7,42
DA:8,42
DA:11,8
DA:12,8
DA:15,32
DA:16,8
DA:19,24
DA:22,36
DA:23,24
DA:24,8
DA:28,24
DA:31,4
LF:15
LH:15
BRDA:23,0,0,8
BRDA:23,0,1,16
BRF:2
BRH:2
end_of_record
TN:
SF:js/bar.js
FN:6,(anonymous_0)
FN:11,(anonymous_1)
FN:14,(anonymous_2)
FN:17,(anonymous_3)
FN:20,(anonymous_4)
FN:23,(anonymous_5)
FN:27,(anonymous_6)
FN:31,(anonymous_7)
FN:33,(anonymous_8)
FN:34,(anonymous_9)
FN:35,(anonymous_10)
FN:36,(anonymous_11)
FN:42,(anonymous_12)
FN:47,(anonymous_13)
FN:48,(anonymous_14)
FN:49,(anonymous_15)
FN:50,(anonymous_16)
FNF:17
FNH:17
FNDA:36,(anonymous_0)
FNDA:6,(anonymous_1)
FNDA:34,(anonymous_2)
FNDA:42,(anonymous_3)
FNDA:64,(anonymous_4)
FNDA:34,(anonymous_5)
FNDA:32,(anonymous_6)
FNDA:24,(anonymous_7)
FNDA:32,(anonymous_8)
FNDA:32,(anonymous_9)
FNDA:27,(anonymous_10)
FNDA:6,(anonymous_11)
FNDA:2,(anonymous_12)
FNDA:4,(anonymous_13)
FNDA:2,(anonymous_14)
FNDA:2,(anonymous_15)
FNDA:2,(anonymous_16)
DA:2,6
DA:3,6
DA:4,6
DA:7,36
DA:8,36
DA:9,36
DA:12,6
DA:15,34
DA:18,42
DA:21,64
DA:24,34
DA:28,32
DA:32,24
DA:33,32
DA:34,32
DA:35,27
DA:36,6
DA:37,24
DA:38,10
DA:40,14
DA:43,2
DA:44,0
DA:46,2
DA:47,4
DA:48,2
DA:49,2
DA:50,2
DA:51,2
DA:52,0
DA:54,2
DA:57,6
LF:31
LH:29
BRDA:28,0,0,24
BRDA:28,0,1,8
BRDA:37,1,0,10
BRDA:37,1,1,14
BRDA:43,2,0,0
BRDA:43,2,1,2
BRDA:51,3,0,0
BRDA:51,3,1,2
BRF:8
BRH:6
end_of_record
TN:
SF:js/bars.js
FN:7,(anonymous_0)
FN:11,(anonymous_1)
FN:13,(anonymous_2)
FN:14,(anonymous_3)
FN:16,(anonymous_4)
FN:17,(anonymous_5)
FN:19,(anonymous_6)
FN:20,(anonymous_7)
FN:22,(anonymous_8)
FN:23,(anonymous_9)
FN:25,(anonymous_10)
FNF:11
FNH:4
FNDA:10,(anonymous_0)
FNDA:30,(anonymous_1)
FNDA:0,(anonymous_2)
FNDA:0,(anonymous_3)
FNDA:2,(anonymous_4)
FNDA:6,(anonymous_5)
FNDA:0,(anonymous_6)
FNDA:0,(anonymous_7)
FNDA:0,(anonymous_8)
FNDA:0,(anonymous_9)
FNDA:0,(anonymous_10)
DA:2,4
DA:3,4
DA:4,4
DA:5,4
DA:8,10
DA:9,10
DA:10,10
DA:11,30
DA:14,0
DA:17,6
DA:20,0
DA:23,0
DA:26,0
DA:29,4
LF:14
LH:10
BRF:0
BRH:0
end_of_record
TN:
SF:js/main.js
FN:2,(anonymous_0)
FN:3,(anonymous_1)
FN:6,(anonymous_2)
FN:7,verb
FN:7,(anonymous_4)
FN:7,(anonymous_5)
FN:8,resume
FN:9,step
FN:10,fulfill
FN:11,reject
FN:12,settle
FN:20,(anonymous_11)
FN:20,(anonymous_12)
FN:21,countDown
FN:22,countDown_1
FN:33,schedule
FN:34,schedule_1
FNF:17
FNH:15
FNDA:40,(anonymous_0)
FNDA:10,(anonymous_1)
FNDA:0,(anonymous_2)
FNDA:30,verb
FNDA:16,(anonymous_4)
FNDA:16,(anonymous_5)
FNDA:36,resume
FNDA:36,step
FNDA:20,fulfill
FNDA:0,reject
FNDA:16,settle
FNDA:4,(anonymous_11)
FNDA:4,(anonymous_12)
FNDA:2,countDown
FNDA:2,countDown_1
FNDA:8,schedule
FNDA:8,schedule_1
DA:2,40
DA:3,2
DA:4,10
DA:5,10
DA:6,10
DA:7,30
DA:8,36
DA:9,36
DA:10,20
DA:11,0
DA:12,16
DA:14,2
DA:15,2
DA:16,2
DA:17,2
DA:18,2
DA:19,2
DA:20,4
DA:22,2
DA:23,2
DA:24,2
DA:25,4
DA:26,4
DA:27,4
DA:29,2
DA:32,2
DA:34,8
DA:35,8
DA:36,8
DA:37,8
DA:38,8
DA:39,8
DA:40,2
DA:41,2
DA:43,6
DA:44,2
DA:45,2
DA:47,4
DA:48,2
DA:49,2
DA:51,2
DA:52,2
DA:53,2
DA:54,2
DA:55,2
DA:56,2
DA:57,2
DA:58,2
DA:59,2
DA:60,0
DA:61,0
DA:62,0
DA:65,2
DA:66,2
DA:67,2
DA:68,2
DA:71,0
DA:72,0
DA:73,0
DA:74,0
DA:76,2
DA:77,2
DA:80,2
LF:63
LH:55
BRDA:2,0,0,2
BRDA:2,0,1,2
BRDA:2,0,2,2
BRDA:2,1,0,20
BRDA:2,1,1,20
BRDA:3,2,0,2
BRDA:3,2,1,2
BRDA:3,2,2,2
BRDA:4,3,0,0
BRDA:4,3,1,10
BRDA:5,4,0,10
BRDA:5,4,1,0
BRDA:7,5,0,30
BRDA:7,5,1,0
BRDA:7,6,0,16
BRDA:7,6,1,16
BRDA:9,7,0,20
BRDA:9,7,1,16
BRDA:12,8,0,0
BRDA:12,8,1,16
BRDA:21,9,0,0
BRDA:33,10,0,8
BRDA:39,11,0,2
BRDA:39,11,1,6
BRDA:43,12,0,2
BRDA:43,12,1,4
BRDA:47,13,0,2
BRDA:47,13,1,2
BRDA:64,14,0,2
BRDA:64,14,1,0
BRDA:59,15,0,0
BRDA:59,15,1,2
BRDA:59,16,0,2
BRDA:59,16,1,2
BRDA:65,17,0,2
BRDA:65,17,1,0
BRF:36
BRH:28
end_of_record
TN:
SF:js/match.js
FN:5,(anonymous_0)
FN:11,(anonymous_1)
FNF:2
FNH:2
FNDA:12,(anonymous_0)
FNDA:12,(anonymous_1)
DA:2,2
DA:3,2
DA:6,12
DA:7,12
DA:8,12
DA:9,12
DA:12,12
DA:15,2
LF:8
LH:8
BRF:0
BRH:0
end_of_record
TN:
SF:js/random.js
FN:4,random
FNF:1
FNH:1
FNDA:26,random
DA:2,6
DA:3,6
DA:5,26
DA:7,6
LF:4
LH:4
BRF:0
BRH:0
end_of_record
TN:
SF:js/results.js
FN:5,(anonymous_0)
FNF:1
FNH:1
FNDA:8,(anonymous_0)
DA:2,2
DA:3,2
DA:6,8
DA:7,8
DA:8,8
DA:9,8
DA:10,8
DA:11,8
DA:12,8
DA:15,2
LF:10
LH:10
BRF:0
BRH:0
end_of_record
TN:
SF:js/scheduler.js
FN:7,(anonymous_0)
FN:13,(anonymous_1)
FN:17,(anonymous_2)
FN:18,(anonymous_3)
FN:22,(anonymous_4)
FN:31,(anonymous_5)
FN:38,(anonymous_6)
FN:45,(anonymous_7)
FN:46,(anonymous_8)
FN:47,(anonymous_9)
FN:82,(anonymous_10)
FN:83,(anonymous_11)
FNF:12
FNH:11
FNDA:2,(anonymous_0)
FNDA:2,(anonymous_1)
FNDA:8,(anonymous_2)
FNDA:8,(anonymous_3)
FNDA:8,(anonymous_4)
FNDA:8,(anonymous_5)
FNDA:2,(anonymous_6)
FNDA:16,(anonymous_7)
FNDA:32,(anonymous_8)
FNDA:24,(anonymous_9)
FNDA:6,(anonymous_10)
FNDA:0,(anonymous_11)
DA:2,2
DA:3,2
DA:4,2
DA:5,2
DA:8,2
DA:9,2
DA:10,2
DA:11,2
DA:14,2
DA:15,2
DA:16,2
DA:17,8
DA:18,2
DA:19,8
DA:23,8
DA:24,0
DA:25,0
DA:27,8
DA:28,8
DA:29,8
DA:30,8
DA:31,2
DA:32,8
DA:34,2
DA:36,6
DA:39,2
DA:40,2
DA:41,8
DA:42,8
DA:43,8
DA:44,8
DA:45,16
DA:46,32
DA:47,8
DA:48,24
DA:49,24
DA:50,24
DA:51,10
DA:54,14
DA:55,14
DA:56,14
DA:57,2
DA:58,2
DA:59,0
DA:62,2
DA:63,2
DA:64,2
DA:65,0
DA:66,0
DA:67,0
DA:72,12
DA:73,12
DA:74,12
DA:78,8
DA:79,2
DA:81,6
DA:82,6
DA:83,0
DA:84,0
DA:85,0
DA:89,0
DA:92,2
LF:62
LH:52
BRDA:23,0,0,0
BRDA:23,0,1,8
BRDA:30,1,0,2
BRDA:30,1,1,6
BRDA:50,2,0,10
BRDA:50,2,1,14
BRDA:56,3,0,2
BRDA:56,3,1,12
BRDA:58,4,0,0
BRDA:58,4,1,2
BRDA:64,5,0,0
BRDA:64,5,1,2
BRDA:78,6,0,2
BRDA:78,6,1,6
BRDA:82,7,0,0
BRDA:82,7,1,6
BRF:16
BRH:12
end_of_record
TN:
SF:js/team.js
FN:6,(anonymous_0)
FN:13,(anonymous_1)
FN:16,(anonymous_2)
FN:19,(anonymous_3)
FN:22,(anonymous_4)
FN:26,(anonymous_5)
FN:29,(anonymous_6)
FN:40,(anonymous_7)
FN:41,(anonymous_8)
FN:43,(anonymous_9)
FN:44,(anonymous_10)
FN:46,(anonymous_11)
FN:49,(anonymous_12)
FN:52,(anonymous_13)
FNF:14
FNH:14
FNDA:42,(anonymous_0)
FNDA:8,(anonymous_1)
FNDA:1157,(anonymous_2)
FNDA:151,(anonymous_3)
FNDA:8,(anonymous_4)
FNDA:16,(anonymous_5)
FNDA:24,(anonymous_6)
FNDA:109,(anonymous_7)
FNDA:175,(anonymous_8)
FNDA:80,(anonymous_9)
FNDA:112,(anonymous_10)
FNDA:78,(anonymous_11)
FNDA:80,(anonymous_12)
FNDA:98,(anonymous_13)
DA:2,4
DA:3,4
DA:4,4
DA:7,42
DA:8,42
DA:9,42
DA:10,42
DA:11,42
DA:14,8
DA:17,1157
DA:20,151
DA:23,8
DA:24,8
DA:27,16
DA:30,24
DA:31,24
DA:32,12
DA:33,12
DA:34,12
DA:37,12
DA:41,175
DA:44,112
DA:47,78
DA:50,80
DA:53,98
DA:56,4
LF:26
LH:26
BRDA:31,0,0,12
BRDA:31,0,1,12
BRF:2
BRH:2
end_of_record
TN:
SF:js/teams.js
FN:7,(anonymous_0)
FN:11,(anonymous_1)
FN:12,(anonymous_2)
FN:15,(anonymous_3)
FN:18,(anonymous_4)
FN:19,(anonymous_5)
FN:21,(anonymous_6)
FN:22,(anonymous_7)
FN:24,(anonymous_8)
FN:25,(anonymous_9)
FN:27,(anonymous_10)
FN:30,(anonymous_11)
FN:32,(anonymous_12)
FN:34,(anonymous_13)
FN:38,(anonymous_14)
FN:40,(anonymous_15)
FN:42,(anonymous_16)
FN:42,(anonymous_17)
FN:43,(anonymous_18)
FN:46,(anonymous_19)
FN:47,(anonymous_20)
FNF:21
FNH:21
FNDA:8,(anonymous_0)
FNDA:24,(anonymous_1)
FNDA:12,(anonymous_2)
FNDA:8,(anonymous_3)
FNDA:16,(anonymous_4)
FNDA:16,(anonymous_5)
FNDA:8,(anonymous_6)
FNDA:36,(anonymous_7)
FNDA:2,(anonymous_8)
FNDA:8,(anonymous_9)
FNDA:16,(anonymous_10)
FNDA:64,(anonymous_11)
FNDA:48,(anonymous_12)
FNDA:42,(anonymous_13)
FNDA:36,(anonymous_14)
FNDA:36,(anonymous_15)
FNDA:31,(anonymous_16)
FNDA:15,(anonymous_17)
FNDA:15,(anonymous_18)
FNDA:31,(anonymous_19)
FNDA:6,(anonymous_20)
DA:2,2
DA:3,2
DA:4,2
DA:5,2
DA:8,8
DA:9,8
DA:10,8
DA:11,24
DA:12,12
DA:13,8
DA:16,8
DA:19,16
DA:22,36
DA:25,8
DA:28,16
DA:30,64
DA:32,48
DA:34,42
DA:35,16
DA:36,16
DA:38,36
DA:40,36
DA:42,31
DA:43,15
DA:44,16
DA:45,16
DA:46,31
DA:47,6
DA:48,16
DA:49,16
DA:50,4
DA:51,4
DA:53,12
DA:54,12
DA:55,12
DA:56,12
DA:59,2
LF:37
LH:37
BRDA:47,0,0,6
BRDA:47,0,1,0
BRDA:49,1,0,4
BRDA:49,1,1,12
BRF:4
BRH:3
end_of_record
TN:
SF:js/week.js
FN:5,(anonymous_0)
FN:9,(anonymous_1)
FN:10,(anonymous_2)
FN:12,(anonymous_3)
FNF:4
FNH:3
FNDA:8,(anonymous_0)
FNDA:6,(anonymous_1)
FNDA:12,(anonymous_2)
FNDA:0,(anonymous_3)
DA:2,2
DA:3,2
DA:6,8
DA:7,8
DA:10,12
DA:13,0
DA:16,2
LF:7
LH:6
BRF:0
BRH:0
end_of_record
